<?xml version="1.0" encoding="UTF-8"?>
<coverage generated="1744550808079" clover="3.2.0">
  <project timestamp="1744550808079" name="All files">
    <metrics statements="91" coveredstatements="89" conditionals="11" coveredconditionals="10" methods="18" coveredmethods="17" elements="120" coveredelements="116" complexity="0" loc="91" ncloc="91" packages="2" files="4" classes="4"/>
    <package name="components">
      <metrics statements="68" coveredstatements="66" conditionals="11" coveredconditionals="10" methods="13" coveredmethods="12"/>
      <file name="ErrorBoundary.tsx" path="/Users/zameerhaque/code/personal/hn-codecov-demo/src/components/ErrorBoundary.tsx">
        <metrics statements="16" coveredstatements="15" conditionals="1" coveredconditionals="1" methods="5" coveredmethods="4"/>
        <line num="1" count="1" type="stmt"/>
        <line num="2" count="1" type="stmt"/>
        <line num="4" count="1" type="stmt"/>
        <line num="14" count="1" type="stmt"/>
        <line num="19" count="1" type="stmt"/>
        <line num="24" count="1" type="stmt"/>
        <line num="50" count="4" type="stmt"/>
        <line num="51" count="3" type="stmt"/>
        <line num="58" count="2" type="stmt"/>
        <line num="65" count="1" type="stmt"/>
        <line num="68" count="3" type="stmt"/>
        <line num="69" count="0" type="stmt"/>
        <line num="73" count="5" type="cond" truecount="1" falsecount="0"/>
        <line num="74" count="2" type="stmt"/>
        <line num="83" count="3" type="stmt"/>
        <line num="87" count="1" type="stmt"/>
      </file>
      <file name="NewsItem.tsx" path="/Users/zameerhaque/code/personal/hn-codecov-demo/src/components/NewsItem.tsx">
        <metrics statements="16" coveredstatements="15" conditionals="2" coveredconditionals="2" methods="3" coveredmethods="3"/>
        <line num="1" count="2" type="stmt"/>
        <line num="4" count="2" type="stmt"/>
        <line num="20" count="2" type="stmt"/>
        <line num="26" count="2" type="stmt"/>
        <line num="35" count="2" type="stmt"/>
        <line num="42" count="2" type="stmt"/>
        <line num="50" count="2" type="stmt"/>
        <line num="52" count="12" type="stmt"/>
        <line num="53" count="12" type="stmt"/>
        <line num="61" count="12" type="stmt"/>
        <line num="62" count="11" type="stmt"/>
        <line num="63" count="11" type="stmt"/>
        <line num="64" count="11" type="stmt"/>
        <line num="66" count="0" type="stmt"/>
        <line num="70" count="12" type="stmt"/>
        <line num="99" count="2" type="stmt"/>
      </file>
      <file name="NewsList.tsx" path="/Users/zameerhaque/code/personal/hn-codecov-demo/src/components/NewsList.tsx">
        <metrics statements="36" coveredstatements="36" conditionals="8" coveredconditionals="7" methods="5" coveredmethods="5"/>
        <line num="1" count="1" type="stmt"/>
        <line num="2" count="1" type="stmt"/>
        <line num="3" count="1" type="stmt"/>
        <line num="4" count="1" type="stmt"/>
        <line num="6" count="1" type="stmt"/>
        <line num="12" count="1" type="stmt"/>
        <line num="19" count="1" type="stmt"/>
        <line num="25" count="1" type="stmt"/>
        <line num="45" count="1" type="stmt"/>
        <line num="50" count="1" type="stmt"/>
        <line num="55" count="1" type="stmt"/>
        <line num="56" count="9" type="stmt"/>
        <line num="57" count="9" type="stmt"/>
        <line num="58" count="9" type="stmt"/>
        <line num="59" count="9" type="stmt"/>
        <line num="61" count="9" type="stmt"/>
        <line num="62" count="5" type="stmt"/>
        <line num="63" count="5" type="stmt"/>
        <line num="64" count="5" type="stmt"/>
        <line num="65" count="5" type="stmt"/>
        <line num="66" count="3" type="stmt"/>
        <line num="68" count="1" type="stmt"/>
        <line num="70" count="4" type="stmt"/>
        <line num="71" count="4" type="stmt"/>
        <line num="75" count="9" type="stmt"/>
        <line num="76" count="4" type="stmt"/>
        <line num="79" count="9" type="stmt"/>
        <line num="80" count="1" type="stmt"/>
        <line num="81" count="1" type="stmt"/>
        <line num="84" count="9" type="cond" truecount="3" falsecount="0"/>
        <line num="85" count="4" type="stmt"/>
        <line num="95" count="5" type="cond" truecount="1" falsecount="0"/>
        <line num="96" count="1" type="stmt"/>
        <line num="109" count="4" type="stmt"/>
        <line num="118" count="8" type="stmt"/>
        <line num="124" count="1" type="stmt"/>
      </file>
    </package>
    <package name="services">
      <metrics statements="23" coveredstatements="23" conditionals="0" coveredconditionals="0" methods="5" coveredmethods="5"/>
      <file name="api.ts" path="/Users/zameerhaque/code/personal/hn-codecov-demo/src/services/api.ts">
        <metrics statements="23" coveredstatements="23" conditionals="0" coveredconditionals="0" methods="5" coveredmethods="5"/>
        <line num="1" count="2" type="stmt"/>
        <line num="3" count="2" type="stmt"/>
        <line num="15" count="2" type="stmt"/>
        <line num="16" count="5" type="stmt"/>
        <line num="17" count="5" type="stmt"/>
        <line num="18" count="3" type="stmt"/>
        <line num="20" count="2" type="stmt"/>
        <line num="21" count="2" type="stmt"/>
        <line num="25" count="2" type="stmt"/>
        <line num="26" count="17" type="stmt"/>
        <line num="27" count="17" type="stmt"/>
        <line num="28" count="16" type="stmt"/>
        <line num="30" count="1" type="stmt"/>
        <line num="31" count="1" type="stmt"/>
        <line num="35" count="2" type="stmt"/>
        <line num="36" count="3" type="stmt"/>
        <line num="37" count="3" type="stmt"/>
        <line num="38" count="2" type="stmt"/>
        <line num="40" count="15" type="stmt"/>
        <line num="41" count="2" type="stmt"/>
        <line num="43" count="15" type="stmt"/>
        <line num="45" count="1" type="stmt"/>
        <line num="46" count="1" type="stmt"/>
      </file>
    </package>
  </project>
</coverage>
