{"/Users/zameerhaque/code/personal/hn-codecov-demo/src/components/ErrorBoundary.tsx": {"path":"/Users/zameerhaque/code/personal/hn-codecov-demo/src/components/ErrorBoundary.tsx","statementMap":{"0":{"start":{"line":1,"column":0},"end":{"line":1,"column":56}},"1":{"start":{"line":2,"column":0},"end":{"line":2,"column":39}},"2":{"start":{"line":4,"column":23},"end":{"line":12,"column":2}},"3":{"start":{"line":14,"column":19},"end":{"line":17,"column":2}},"4":{"start":{"line":19,"column":21},"end":{"line":22,"column":2}},"5":{"start":{"line":24,"column":21},"end":{"line":37,"column":2}},"6":{"start":{"line":50,"column":4},"end":{"line":50,"column":17}},"7":{"start":{"line":68,"column":2},"end":{"line":70,"column":null}},"8":{"start":{"line":69,"column":4},"end":{"line":69,"column":29}},"9":{"start":{"line":51,"column":4},"end":{"line":54,"column":6}},"10":{"start":{"line":58,"column":4},"end":{"line":61,"column":6}},"11":{"start":{"line":65,"column":4},"end":{"line":65,"column":70}},"12":{"start":{"line":73,"column":4},"end":{"line":81,"column":5}},"13":{"start":{"line":74,"column":6},"end":{"line":80,"column":8}},"14":{"start":{"line":83,"column":4},"end":{"line":83,"column":31}},"15":{"start":{"line":87,"column":0},"end":{"line":87,"column":29}}},"fnMap":{"0":{"name":"(anonymous_1)","decl":{"start":{"line":49,"column":2},"end":{"line":49,"column":14}},"loc":{"start":{"line":49,"column":26},"end":{"line":55,"column":3}}},"1":{"name":"(anonymous_2)","decl":{"start":{"line":68,"column":17},"end":{"line":68,"column":26}},"loc":{"start":{"line":68,"column":28},"end":{"line":70,"column":3}}},"2":{"name":"(anonymous_3)","decl":{"start":{"line":57,"column":2},"end":{"line":57,"column":8}},"loc":{"start":{"line":57,"column":46},"end":{"line":62,"column":3}}},"3":{"name":"(anonymous_4)","decl":{"start":{"line":64,"column":2},"end":{"line":64,"column":19}},"loc":{"start":{"line":64,"column":54},"end":{"line":66,"column":3}}},"4":{"name":"(anonymous_5)","decl":{"start":{"line":72,"column":2},"end":{"line":72,"column":8}},"loc":{"start":{"line":72,"column":8},"end":{"line":84,"column":3}}}},"branchMap":{"0":{"loc":{"start":{"line":73,"column":4},"end":{"line":81,"column":5}},"type":"if","locations":[{"start":{"line":73,"column":4},"end":{"line":81,"column":5}}]}},"s":{"0":1,"1":1,"2":1,"3":1,"4":1,"5":1,"6":4,"7":3,"8":0,"9":3,"10":2,"11":1,"12":5,"13":2,"14":3,"15":1},"f":{"0":4,"1":0,"2":2,"3":1,"4":5},"b":{"0":[2]}}
,"/Users/zameerhaque/code/personal/hn-codecov-demo/src/components/NewsItem.tsx": {"path":"/Users/zameerhaque/code/personal/hn-codecov-demo/src/components/NewsItem.tsx","statementMap":{"0":{"start":{"line":1,"column":0},"end":{"line":1,"column":39}},"1":{"start":{"line":4,"column":23},"end":{"line":18,"column":2}},"2":{"start":{"line":20,"column":14},"end":{"line":24,"column":2}},"3":{"start":{"line":26,"column":19},"end":{"line":33,"column":2}},"4":{"start":{"line":35,"column":13},"end":{"line":40,"column":2}},"5":{"start":{"line":42,"column":17},"end":{"line":44,"column":2}},"6":{"start":{"line":50,"column":17},"end":{"line":97,"column":1}},"7":{"start":{"line":52,"column":21},"end":{"line":58,"column":3}},"8":{"start":{"line":53,"column":4},"end":{"line":57,"column":7}},"9":{"start":{"line":61,"column":22},"end":{"line":68,"column":3}},"10":{"start":{"line":62,"column":4},"end":{"line":67,"column":5}},"11":{"start":{"line":63,"column":23},"end":{"line":63,"column":64}},"12":{"start":{"line":64,"column":6},"end":{"line":64,"column":22}},"13":{"start":{"line":66,"column":6},"end":{"line":66,"column":16}},"14":{"start":{"line":70,"column":2},"end":{"line":96,"column":4}},"15":{"start":{"line":99,"column":0},"end":{"line":99,"column":24}}},"fnMap":{"0":{"name":"(anonymous_1)","decl":{"start":{"line":50,"column":17},"end":{"line":50,"column":18}},"loc":{"start":{"line":50,"column":46},"end":{"line":97,"column":1}}},"1":{"name":"(anonymous_2)","decl":{"start":{"line":52,"column":21},"end":{"line":52,"column":22}},"loc":{"start":{"line":52,"column":43},"end":{"line":58,"column":3}}},"2":{"name":"(anonymous_3)","decl":{"start":{"line":61,"column":22},"end":{"line":61,"column":23}},"loc":{"start":{"line":61,"column":38},"end":{"line":68,"column":3}}}},"branchMap":{"0":{"loc":{"start":{"line":77,"column":7},"end":{"line":87,"column":null}},"type":"binary-expr","locations":[{"start":{"line":77,"column":7},"end":{"line":77,"column":16}},{"start":{"line":78,"column":8},"end":{"line":86,"column":null}}]}},"s":{"0":2,"1":2,"2":2,"3":2,"4":2,"5":2,"6":2,"7":12,"8":12,"9":12,"10":11,"11":11,"12":11,"13":0,"14":12,"15":2},"f":{"0":12,"1":12,"2":11},"b":{"0":[12,11]}}
,"/Users/zameerhaque/code/personal/hn-codecov-demo/src/components/NewsList.tsx": {"path":"/Users/zameerhaque/code/personal/hn-codecov-demo/src/components/NewsList.tsx","statementMap":{"0":{"start":{"line":1,"column":0},"end":{"line":1,"column":44}},"1":{"start":{"line":2,"column":0},"end":{"line":2,"column":39}},"2":{"start":{"line":3,"column":0},"end":{"line":3,"column":60}},"3":{"start":{"line":4,"column":0},"end":{"line":4,"column":34}},"4":{"start":{"line":6,"column":23},"end":{"line":10,"column":2}},"5":{"start":{"line":12,"column":15},"end":{"line":17,"column":2}},"6":{"start":{"line":19,"column":14},"end":{"line":23,"column":2}},"7":{"start":{"line":25,"column":15},"end":{"line":43,"column":2}},"8":{"start":{"line":45,"column":20},"end":{"line":48,"column":2}},"9":{"start":{"line":50,"column":18},"end":{"line":53,"column":2}},"10":{"start":{"line":55,"column":17},"end":{"line":122,"column":1}},"11":{"start":{"line":56,"column":32},"end":{"line":56,"column":53}},"12":{"start":{"line":57,"column":32},"end":{"line":57,"column":55}},"13":{"start":{"line":58,"column":28},"end":{"line":58,"column":57}},"14":{"start":{"line":59,"column":38},"end":{"line":59,"column":62}},"15":{"start":{"line":61,"column":23},"end":{"line":73,"column":3}},"16":{"start":{"line":62,"column":4},"end":{"line":72,"column":5}},"17":{"start":{"line":63,"column":6},"end":{"line":63,"column":23}},"18":{"start":{"line":64,"column":6},"end":{"line":64,"column":21}},"19":{"start":{"line":65,"column":19},"end":{"line":65,"column":45}},"20":{"start":{"line":66,"column":6},"end":{"line":66,"column":23}},"21":{"start":{"line":68,"column":6},"end":{"line":68,"column":67}},"22":{"start":{"line":70,"column":6},"end":{"line":70,"column":24}},"23":{"start":{"line":71,"column":6},"end":{"line":71,"column":27}},"24":{"start":{"line":75,"column":2},"end":{"line":77,"column":9}},"25":{"start":{"line":76,"column":4},"end":{"line":76,"column":19}},"26":{"start":{"line":79,"column":24},"end":{"line":82,"column":3}},"27":{"start":{"line":80,"column":4},"end":{"line":80,"column":24}},"28":{"start":{"line":81,"column":4},"end":{"line":81,"column":19}},"29":{"start":{"line":84,"column":2},"end":{"line":93,"column":3}},"30":{"start":{"line":85,"column":4},"end":{"line":92,"column":6}},"31":{"start":{"line":95,"column":2},"end":{"line":107,"column":3}},"32":{"start":{"line":96,"column":4},"end":{"line":106,"column":6}},"33":{"start":{"line":109,"column":2},"end":{"line":121,"column":4}},"34":{"start":{"line":118,"column":8},"end":{"line":118,"column":33}},"35":{"start":{"line":124,"column":0},"end":{"line":124,"column":24}}},"fnMap":{"0":{"name":"(anonymous_1)","decl":{"start":{"line":55,"column":17},"end":{"line":55,"column":20}},"loc":{"start":{"line":55,"column":22},"end":{"line":122,"column":1}}},"1":{"name":"(anonymous_2)","decl":{"start":{"line":61,"column":23},"end":{"line":61,"column":28}},"loc":{"start":{"line":61,"column":34},"end":{"line":73,"column":3}}},"2":{"name":"(anonymous_3)","decl":{"start":{"line":75,"column":12},"end":{"line":75,"column":15}},"loc":{"start":{"line":75,"column":17},"end":{"line":77,"column":3}}},"3":{"name":"(anonymous_4)","decl":{"start":{"line":79,"column":24},"end":{"line":79,"column":27}},"loc":{"start":{"line":79,"column":29},"end":{"line":82,"column":3}}},"4":{"name":"(anonymous_5)","decl":{"start":{"line":117,"column":19},"end":{"line":117,"column":20}},"loc":{"start":{"line":118,"column":8},"end":{"line":118,"column":33}}}},"branchMap":{"0":{"loc":{"start":{"line":84,"column":2},"end":{"line":93,"column":3}},"type":"if","locations":[{"start":{"line":84,"column":2},"end":{"line":93,"column":3}}]},"1":{"loc":{"start":{"line":84,"column":6},"end":{"line":84,"column":28}},"type":"binary-expr","locations":[{"start":{"line":84,"column":6},"end":{"line":84,"column":13}},{"start":{"line":84,"column":17},"end":{"line":84,"column":28}}]},"2":{"loc":{"start":{"line":95,"column":2},"end":{"line":107,"column":3}},"type":"if","locations":[{"start":{"line":95,"column":2},"end":{"line":107,"column":3}}]},"3":{"loc":{"start":{"line":101,"column":13},"end":{"line":101,"column":53}},"type":"cond-expr","locations":[{"start":{"line":101,"column":26},"end":{"line":101,"column":41}},{"start":{"line":101,"column":44},"end":{"line":101,"column":53}}]},"4":{"loc":{"start":{"line":114,"column":11},"end":{"line":114,"column":51}},"type":"cond-expr","locations":[{"start":{"line":114,"column":24},"end":{"line":114,"column":39}},{"start":{"line":114,"column":42},"end":{"line":114,"column":51}}]}},"s":{"0":1,"1":1,"2":1,"3":1,"4":1,"5":1,"6":1,"7":1,"8":1,"9":1,"10":1,"11":9,"12":9,"13":9,"14":9,"15":9,"16":5,"17":5,"18":5,"19":5,"20":3,"21":1,"22":4,"23":4,"24":9,"25":4,"26":9,"27":1,"28":1,"29":9,"30":4,"31":5,"32":1,"33":4,"34":8,"35":1},"f":{"0":9,"1":5,"2":4,"3":1,"4":8},"b":{"0":[4],"1":[9,5],"2":[1],"3":[0,1],"4":[1,3]}}
,"/Users/zameerhaque/code/personal/hn-codecov-demo/src/services/api.ts": {"path":"/Users/zameerhaque/code/personal/hn-codecov-demo/src/services/api.ts","statementMap":{"0":{"start":{"line":1,"column":0},"end":{"line":1,"column":26}},"1":{"start":{"line":3,"column":17},"end":{"line":3,"column":56}},"2":{"start":{"line":15,"column":31},"end":{"line":23,"column":1}},"3":{"start":{"line":16,"column":2},"end":{"line":22,"column":3}},"4":{"start":{"line":17,"column":21},"end":{"line":17,"column":67}},"5":{"start":{"line":18,"column":4},"end":{"line":18,"column":25}},"6":{"start":{"line":20,"column":4},"end":{"line":20,"column":56}},"7":{"start":{"line":21,"column":4},"end":{"line":21,"column":16}},"8":{"start":{"line":15,"column":13},"end":{"line":15,"column":31}},"9":{"start":{"line":25,"column":26},"end":{"line":33,"column":1}},"10":{"start":{"line":26,"column":2},"end":{"line":32,"column":3}},"11":{"start":{"line":27,"column":21},"end":{"line":27,"column":67}},"12":{"start":{"line":28,"column":4},"end":{"line":28,"column":25}},"13":{"start":{"line":30,"column":4},"end":{"line":30,"column":56}},"14":{"start":{"line":31,"column":4},"end":{"line":31,"column":16}},"15":{"start":{"line":25,"column":13},"end":{"line":25,"column":26}},"16":{"start":{"line":35,"column":34},"end":{"line":48,"column":1}},"17":{"start":{"line":36,"column":2},"end":{"line":47,"column":3}},"18":{"start":{"line":37,"column":24},"end":{"line":37,"column":47}},"19":{"start":{"line":38,"column":21},"end":{"line":38,"column":45}},"20":{"start":{"line":40,"column":28},"end":{"line":40,"column":64}},"21":{"start":{"line":40,"column":49},"end":{"line":40,"column":63}},"22":{"start":{"line":41,"column":20},"end":{"line":41,"column":54}},"23":{"start":{"line":43,"column":4},"end":{"line":43,"column":48}},"24":{"start":{"line":43,"column":37},"end":{"line":43,"column":46}},"25":{"start":{"line":45,"column":4},"end":{"line":45,"column":60}},"26":{"start":{"line":46,"column":4},"end":{"line":46,"column":16}},"27":{"start":{"line":35,"column":13},"end":{"line":35,"column":34}}},"fnMap":{"0":{"name":"(anonymous_1)","decl":{"start":{"line":15,"column":31},"end":{"line":15,"column":36}},"loc":{"start":{"line":15,"column":61},"end":{"line":23,"column":1}}},"1":{"name":"(anonymous_2)","decl":{"start":{"line":25,"column":26},"end":{"line":25,"column":31}},"loc":{"start":{"line":25,"column":63},"end":{"line":33,"column":1}}},"2":{"name":"(anonymous_3)","decl":{"start":{"line":35,"column":34},"end":{"line":35,"column":39}},"loc":{"start":{"line":35,"column":63},"end":{"line":48,"column":1}}},"3":{"name":"(anonymous_4)","decl":{"start":{"line":40,"column":41},"end":{"line":40,"column":42}},"loc":{"start":{"line":40,"column":49},"end":{"line":40,"column":63}}},"4":{"name":"(anonymous_5)","decl":{"start":{"line":43,"column":26},"end":{"line":43,"column":27}},"loc":{"start":{"line":43,"column":37},"end":{"line":43,"column":46}}}},"branchMap":{},"s":{"0":2,"1":2,"2":2,"3":5,"4":5,"5":3,"6":2,"7":2,"8":2,"9":2,"10":17,"11":17,"12":16,"13":1,"14":1,"15":2,"16":2,"17":3,"18":3,"19":2,"20":2,"21":15,"22":2,"23":2,"24":15,"25":1,"26":1,"27":2},"f":{"0":5,"1":17,"2":3,"3":15,"4":15},"b":{}}
}
