TN:
SF:src/components/ErrorBoundary.tsx
FN:49,(anonymous_1)
FN:68,(anonymous_2)
FN:57,(anonymous_3)
FN:64,(anonymous_4)
FN:72,(anonymous_5)
FNF:5
FNH:4
FNDA:4,(anonymous_1)
FNDA:0,(anonymous_2)
FNDA:2,(anonymous_3)
FNDA:1,(anonymous_4)
FNDA:5,(anonymous_5)
DA:1,1
DA:2,1
DA:4,1
DA:14,1
DA:19,1
DA:24,1
DA:50,4
DA:51,3
DA:58,2
DA:65,1
DA:68,3
DA:69,0
DA:73,5
DA:74,2
DA:83,3
DA:87,1
LF:16
LH:15
BRDA:73,0,0,2
BRF:1
BRH:1
end_of_record
TN:
SF:src/components/NewsItem.tsx
FN:50,(anonymous_1)
FN:52,(anonymous_2)
FN:61,(anonymous_3)
FNF:3
FNH:3
FNDA:12,(anonymous_1)
FNDA:12,(anonymous_2)
FNDA:11,(anonymous_3)
DA:1,2
DA:4,2
DA:20,2
DA:26,2
DA:35,2
DA:42,2
DA:50,2
DA:52,12
DA:53,12
DA:61,12
DA:62,11
DA:63,11
DA:64,11
DA:66,0
DA:70,12
DA:99,2
LF:16
LH:15
BRDA:77,0,0,12
BRDA:77,0,1,11
BRF:2
BRH:2
end_of_record
TN:
SF:src/components/NewsList.tsx
FN:55,(anonymous_1)
FN:61,(anonymous_2)
FN:75,(anonymous_3)
FN:79,(anonymous_4)
FN:117,(anonymous_5)
FNF:5
FNH:5
FNDA:9,(anonymous_1)
FNDA:5,(anonymous_2)
FNDA:4,(anonymous_3)
FNDA:1,(anonymous_4)
FNDA:8,(anonymous_5)
DA:1,1
DA:2,1
DA:3,1
DA:4,1
DA:6,1
DA:12,1
DA:19,1
DA:25,1
DA:45,1
DA:50,1
DA:55,1
DA:56,9
DA:57,9
DA:58,9
DA:59,9
DA:61,9
DA:62,5
DA:63,5
DA:64,5
DA:65,5
DA:66,3
DA:68,1
DA:70,4
DA:71,4
DA:75,9
DA:76,4
DA:79,9
DA:80,1
DA:81,1
DA:84,9
DA:85,4
DA:95,5
DA:96,1
DA:109,4
DA:118,8
DA:124,1
LF:36
LH:36
BRDA:84,0,0,4
BRDA:84,1,0,9
BRDA:84,1,1,5
BRDA:95,2,0,1
BRDA:101,3,0,0
BRDA:101,3,1,1
BRDA:114,4,0,1
BRDA:114,4,1,3
BRF:8
BRH:7
end_of_record
TN:
SF:src/services/api.ts
FN:15,(anonymous_1)
FN:25,(anonymous_2)
FN:35,(anonymous_3)
FN:40,(anonymous_4)
FN:43,(anonymous_5)
FNF:5
FNH:5
FNDA:5,(anonymous_1)
FNDA:17,(anonymous_2)
FNDA:3,(anonymous_3)
FNDA:15,(anonymous_4)
FNDA:15,(anonymous_5)
DA:1,2
DA:3,2
DA:15,2
DA:16,5
DA:17,5
DA:18,3
DA:20,2
DA:21,2
DA:25,2
DA:26,17
DA:27,17
DA:28,16
DA:30,1
DA:31,1
DA:35,2
DA:36,3
DA:37,3
DA:38,2
DA:40,15
DA:41,2
DA:43,15
DA:45,1
DA:46,1
LF:23
LH:23
BRF:0
BRH:0
end_of_record
